<?xml version="1.0" encoding="UTF-8"?>
<testsuite xmlns:xsi="http://www.w3.org/2001/XMLSchema-instance" xsi:noNamespaceSchemaLocation="https://maven.apache.org/surefire/maven-surefire-plugin/xsd/surefire-test-report-3.0.xsd" version="3.0" name="pe.edu.unfv.besttraveludemy.BestTravelUdemyApplicationTests" time="12.421" tests="1" errors="0" skipped="0" failures="0">
  <properties>
[...]
</properties>
  <testcase name="contextLoads" classname="pe.edu.unfv.besttraveludemy.BestTravelUdemyApplicationTests" time="2.382">
    <system-out><![CDATA[11:51:18.102 [main] INFO org.springframework.test.context.support.AnnotationConfigContextLoaderUtils -- Could not detect default configuration classes for test class [pe.edu.unfv.besttraveludemy.BestTravelUdemyApplicationTests]: BestTravelUdemyApplicationTests does not declare any static, non-private, non-final, nested classes annotated with @Configuration.
11:51:18.213 [main] INFO org.springframework.boot.test.context.SpringBootTestContextBootstrapper -- Found @SpringBootConfiguration pe.edu.unfv.besttraveludemy.BestTravelUdemyApplication for test class pe.edu.unfv.besttraveludemy.BestTravelUdemyApplicationTests

  .   ____          _            __ _ _
 /\\ / ___'_ __ _ _(_)_ __  __ _ \ \ \ \
( ( )\___ | '_ | '_| | '_ \/ _` | \ \ \ \
 \\/  ___)| |_)| | | | | || (_| |  ) ) ) )
  '  |____| .__|_| |_|_| |_\__, | / / / /
 =========|_|==============|___/=/_/_/_/

 :: Spring Boot ::                (v3.3.1)

2024-07-12T11:51:18.717-05:00  INFO 15648 --- [bestTravelUdemy] [           main] p.e.u.b.BestTravelUdemyApplicationTests  : Starting BestTravelUdemyApplicationTests using Java 17.0.11 with PID 15648 (started by 391395 in F:\ESINPOL ALFRIADEZ\proyectos_sts\bestTravelUdemy)
2024-07-12T11:51:18.720-05:00  INFO 15648 --- [bestTravelUdemy] [           main] p.e.u.b.BestTravelUdemyApplicationTests  : No active profile set, falling back to 1 default profile: "default"
2024-07-12T11:51:20.448-05:00  INFO 15648 --- [bestTravelUdemy] [           main] .s.d.r.c.RepositoryConfigurationDelegate : Bootstrapping Spring Data JPA repositories in DEFAULT mode.
2024-07-12T11:51:20.621-05:00  INFO 15648 --- [bestTravelUdemy] [           main] .s.d.r.c.RepositoryConfigurationDelegate : Finished Spring Data repository scanning in 160 ms. Found 6 JPA repository interfaces.
2024-07-12T11:51:21.078-05:00  INFO 15648 --- [bestTravelUdemy] [           main] com.zaxxer.hikari.HikariDataSource       : HikariPool-1 - Starting...
2024-07-12T11:51:23.330-05:00  INFO 15648 --- [bestTravelUdemy] [           main] com.zaxxer.hikari.pool.HikariPool        : HikariPool-1 - Added connection org.postgresql.jdbc.PgConnection@2b682e9
2024-07-12T11:51:23.332-05:00  INFO 15648 --- [bestTravelUdemy] [           main] com.zaxxer.hikari.HikariDataSource       : HikariPool-1 - Start completed.
2024-07-12T11:51:23.384-05:00  INFO 15648 --- [bestTravelUdemy] [           main] o.hibernate.jpa.internal.util.LogHelper  : HHH000204: Processing PersistenceUnitInfo [name: default]
2024-07-12T11:51:23.466-05:00  INFO 15648 --- [bestTravelUdemy] [           main] org.hibernate.Version                    : HHH000412: Hibernate ORM core version 6.5.2.Final
2024-07-12T11:51:23.514-05:00  INFO 15648 --- [bestTravelUdemy] [           main] o.h.c.internal.RegionFactoryInitiator    : HHH000026: Second-level cache disabled
2024-07-12T11:51:23.853-05:00  INFO 15648 --- [bestTravelUdemy] [           main] o.s.o.j.p.SpringPersistenceUnitInfo      : No LoadTimeWeaver setup: ignoring JPA class transformer
2024-07-12T11:51:25.829-05:00  INFO 15648 --- [bestTravelUdemy] [           main] o.h.e.t.j.p.i.JtaPlatformInitiator       : HHH000489: No JTA platform available (set 'hibernate.transaction.jta.platform' to enable JTA platform integration)
2024-07-12T11:51:25.832-05:00  INFO 15648 --- [bestTravelUdemy] [           main] j.LocalContainerEntityManagerFactoryBean : Initialized JPA EntityManagerFactory for persistence unit 'default'
2024-07-12T11:51:26.130-05:00  INFO 15648 --- [bestTravelUdemy] [           main] o.s.d.j.r.query.QueryEnhancerFactory     : Hibernate is in classpath; If applicable, HQL parser will be used.
2024-07-12T11:51:27.166-05:00  WARN 15648 --- [bestTravelUdemy] [           main] JpaBaseConfiguration$JpaWebConfiguration : spring.jpa.open-in-view is enabled by default. Therefore, database queries may be performed during view rendering. Explicitly configure spring.jpa.open-in-view to disable this warning
2024-07-12T11:51:27.835-05:00  INFO 15648 --- [bestTravelUdemy] [           main] p.e.u.b.BestTravelUdemyApplicationTests  : Started BestTravelUdemyApplicationTests in 9.414 seconds (process running for 11.248)
]]></system-out>
  </testcase>
</testsuite>